{"level":"info","message":"Identity service running on PORT 3001","service":"identity-service","timestamp":"2025-03-06T09:30:46.287Z"}
{"level":"info","message":"Connected to mongodb","service":"identity-service","timestamp":"2025-03-06T09:30:50.671Z"}
{"level":"info","message":"Identity service running on PORT 3001","service":"identity-service","timestamp":"2025-03-06T09:30:54.866Z"}
{"level":"info","message":"Connected to mongodb","service":"identity-service","timestamp":"2025-03-06T09:30:57.662Z"}
{"level":"info","message":"Identity service running on PORT 3001","service":"identity-service","timestamp":"2025-03-06T09:42:17.706Z"}
{"level":"info","message":"Connected to mongodb","service":"identity-service","timestamp":"2025-03-06T09:42:23.317Z"}
{"level":"info","message":"Received POST request to /api/v1/auth/register","service":"identity-service","timestamp":"2025-03-06T09:42:30.191Z"}
{"level":"info","message":"Request body [object Object] ","service":"identity-service","timestamp":"2025-03-06T09:42:30.192Z"}
{"level":"info","message":"Registration endpoint hit....","service":"identity-service","timestamp":"2025-03-06T09:42:30.451Z"}
{"level":"error","message":"Registration error occurred Joi is not a function","service":"identity-service","stack":"TypeError: Joi is not a function\n    at validateRegistration (file:///C:/Users/nseng/Desktop/social-media-microservice/identity-service/src/utils/validations.js:7:15)\n    at registerUser (file:///C:/Users/nseng/Desktop/social-media-microservice/identity-service/src/controllers/identity.controller.js:9:23)\n    at Layer.handle [as handle_request] (C:\\Users\\nseng\\Desktop\\social-media-microservice\\identity-service\\node_modules\\express\\lib\\router\\layer.js:95:5)\n    at next (C:\\Users\\nseng\\Desktop\\social-media-microservice\\identity-service\\node_modules\\express\\lib\\router\\route.js:149:13)\n    at Route.dispatch (C:\\Users\\nseng\\Desktop\\social-media-microservice\\identity-service\\node_modules\\express\\lib\\router\\route.js:119:3)\n    at Layer.handle [as handle_request] (C:\\Users\\nseng\\Desktop\\social-media-microservice\\identity-service\\node_modules\\express\\lib\\router\\layer.js:95:5)\n    at C:\\Users\\nseng\\Desktop\\social-media-microservice\\identity-service\\node_modules\\express\\lib\\router\\index.js:284:15\n    at Function.process_params (C:\\Users\\nseng\\Desktop\\social-media-microservice\\identity-service\\node_modules\\express\\lib\\router\\index.js:346:12)\n    at next (C:\\Users\\nseng\\Desktop\\social-media-microservice\\identity-service\\node_modules\\express\\lib\\router\\index.js:280:10)\n    at Function.handle (C:\\Users\\nseng\\Desktop\\social-media-microservice\\identity-service\\node_modules\\express\\lib\\router\\index.js:175:3)","timestamp":"2025-03-06T09:42:30.454Z"}
{"level":"info","message":"Identity service running on PORT 3001","service":"identity-service","timestamp":"2025-03-06T09:44:11.117Z"}
{"level":"info","message":"Identity service running on PORT 3001","service":"identity-service","timestamp":"2025-03-06T09:44:17.977Z"}
{"level":"info","message":"Received POST request to /api/v1/auth/register","service":"identity-service","timestamp":"2025-03-06T09:44:22.727Z"}
{"level":"info","message":"Request body [object Object] ","service":"identity-service","timestamp":"2025-03-06T09:44:22.728Z"}
{"level":"info","message":"Registration endpoint hit....","service":"identity-service","timestamp":"2025-03-06T09:44:22.734Z"}
{"0":"\"","1":"u","10":" ","11":"i","12":"s","13":" ","14":"r","15":"e","16":"q","17":"u","18":"i","19":"r","2":"s","20":"e","21":"d","3":"e","4":"r","5":"n","6":"a","7":"m","8":"e","9":"\"","level":"warn","message":"Validation error","service":"identity-service","timestamp":"2025-03-06T09:44:22.742Z"}
{"level":"info","message":"Connected to mongodb","service":"identity-service","timestamp":"2025-03-06T09:44:23.921Z"}
{"level":"info","message":"Received POST request to /api/v1/auth/register","service":"identity-service","timestamp":"2025-03-06T09:44:40.640Z"}
{"level":"info","message":"Request body [object Object] ","service":"identity-service","timestamp":"2025-03-06T09:44:40.641Z"}
{"level":"info","message":"Registration endpoint hit....","service":"identity-service","timestamp":"2025-03-06T09:44:40.644Z"}
{"0":"\"","1":"e","10":" ","11":"r","12":"e","13":"q","14":"u","15":"i","16":"r","17":"e","18":"d","2":"m","3":"a","4":"i","5":"l","6":"\"","7":" ","8":"i","9":"s","level":"warn","message":"Validation error","service":"identity-service","timestamp":"2025-03-06T09:44:40.647Z"}
{"level":"info","message":"Received POST request to /api/v1/auth/register","service":"identity-service","timestamp":"2025-03-06T09:44:58.329Z"}
{"level":"info","message":"Request body [object Object] ","service":"identity-service","timestamp":"2025-03-06T09:44:58.329Z"}
{"level":"info","message":"Registration endpoint hit....","service":"identity-service","timestamp":"2025-03-06T09:44:58.332Z"}
{"0":"\"","1":"p","10":" ","11":"i","12":"s","13":" ","14":"r","15":"e","16":"q","17":"u","18":"i","19":"r","2":"a","20":"e","21":"d","3":"s","4":"s","5":"w","6":"o","7":"r","8":"d","9":"\"","level":"warn","message":"Validation error","service":"identity-service","timestamp":"2025-03-06T09:44:58.335Z"}
{"level":"info","message":"Received POST request to /api/v1/auth/register","service":"identity-service","timestamp":"2025-03-06T09:45:05.775Z"}
{"level":"info","message":"Request body [object Object] ","service":"identity-service","timestamp":"2025-03-06T09:45:05.776Z"}
{"level":"info","message":"Registration endpoint hit....","service":"identity-service","timestamp":"2025-03-06T09:45:05.779Z"}
{"0":"\"","1":"p","10":" ","11":"i","12":"s","13":" ","14":"n","15":"o","16":"t","17":" ","18":"a","19":"l","2":"a","20":"l","21":"o","22":"w","23":"e","24":"d","25":" ","26":"t","27":"o","28":" ","29":"b","3":"s","30":"e","31":" ","32":"e","33":"m","34":"p","35":"t","36":"y","4":"s","5":"w","6":"o","7":"r","8":"d","9":"\"","level":"warn","message":"Validation error","service":"identity-service","timestamp":"2025-03-06T09:45:05.782Z"}
{"level":"info","message":"Received POST request to /api/v1/auth/register","service":"identity-service","timestamp":"2025-03-06T09:45:11.243Z"}
{"level":"info","message":"Request body [object Object] ","service":"identity-service","timestamp":"2025-03-06T09:45:11.244Z"}
{"level":"info","message":"Registration endpoint hit....","service":"identity-service","timestamp":"2025-03-06T09:45:11.247Z"}
{"0":"\"","1":"p","10":" ","11":"l","12":"e","13":"n","14":"g","15":"t","16":"h","17":" ","18":"m","19":"u","2":"a","20":"s","21":"t","22":" ","23":"b","24":"e","25":" ","26":"a","27":"t","28":" ","29":"l","3":"s","30":"e","31":"a","32":"s","33":"t","34":" ","35":"6","36":" ","37":"c","38":"h","39":"a","4":"s","40":"r","41":"a","42":"c","43":"t","44":"e","45":"r","46":"s","47":" ","48":"l","49":"o","5":"w","50":"n","51":"g","6":"o","7":"r","8":"d","9":"\"","level":"warn","message":"Validation error","service":"identity-service","timestamp":"2025-03-06T09:45:11.249Z"}
{"level":"info","message":"Received POST request to /api/v1/auth/register","service":"identity-service","timestamp":"2025-03-06T09:45:17.471Z"}
{"level":"info","message":"Request body [object Object] ","service":"identity-service","timestamp":"2025-03-06T09:45:17.473Z"}
{"level":"info","message":"Registration endpoint hit....","service":"identity-service","timestamp":"2025-03-06T09:45:17.475Z"}
{"level":"error","message":"Registration error occurred pasword is not defined","service":"identity-service","stack":"ReferenceError: pasword is not defined\n    at registerUser (file:///C:/Users/nseng/Desktop/social-media-microservice/identity-service/src/controllers/identity.controller.js:24:40)\n    at process.processTicksAndRejections (node:internal/process/task_queues:105:5)","timestamp":"2025-03-06T09:45:17.590Z"}
